F:\graphic\code\Chapter2\Debug\Menu.exe
F:\graphic\code\Chapter2\Debug\Menu.ilk
F:\graphic\code\Chapter2\Debug\Menu.pdb
F:\graphic\code\Chapter2\Menu\Debug\cl.command.1.tlog
F:\graphic\code\Chapter2\Menu\Debug\CL.read.1.tlog
F:\graphic\code\Chapter2\Menu\Debug\CL.write.1.tlog
F:\graphic\code\Chapter2\Menu\Debug\link.command.1.tlog
F:\graphic\code\Chapter2\Menu\Debug\link.read.1.tlog
F:\graphic\code\Chapter2\Menu\Debug\link.write.1.tlog
F:\graphic\code\Chapter2\Menu\Debug\link-cvtres.read.1.tlog
F:\graphic\code\Chapter2\Menu\Debug\link-cvtres.write.1.tlog
F:\GRAPHIC\CODE\CHAPTER2\MENU\DEBUG\MAIN.OBJ
F:\GRAPHIC\CODE\CHAPTER2\MENU\DEBUG\MENU.EXE.EMBED.MANIFEST
F:\GRAPHIC\CODE\CHAPTER2\MENU\DEBUG\MENU.EXE.EMBED.MANIFEST.RES
F:\graphic\code\Chapter2\Menu\Debug\Menu.exe.intermediate.manifest
F:\graphic\code\Chapter2\Menu\Debug\Menu_manifest.rc
F:\graphic\code\Chapter2\Menu\Debug\mt.command.1.tlog
F:\graphic\code\Chapter2\Menu\Debug\mt.read.1.tlog
F:\graphic\code\Chapter2\Menu\Debug\mt.write.1.tlog
F:\graphic\code\Chapter2\Menu\Debug\rc.command.1.tlog
F:\graphic\code\Chapter2\Menu\Debug\rc.read.1.tlog
F:\graphic\code\Chapter2\Menu\Debug\rc.write.1.tlog
F:\graphic\code\Chapter2\Menu\Debug\vc100.idb
F:\GRAPHIC\CODE\CHAPTER2\MENU\DEBUG\VC100.PDB
