生成启动时间为 2012/11/14 15:05:48。
     1>项目“F:\homework\Chapter6\Chapter6\Chapter6.vcxproj”在节点 2 上(build 个目标)。
     1>InitializeBuildStatus:
         正在创建“Debug\Chapter6.unsuccessfulbuild”，因为已指定“AlwaysCreate”。
       ClCompile:
         D:\Program Files\Microsoft Visual Studio 10.0\VC\bin\CL.exe /c /ZI /nologo /W3 /WX- /Od /Oy- /D WIN32 /D _DEBUG /D _CONSOLE /D _UNICODE /D UNICODE /Gm /EHsc /RTC1 /MDd /GS /fp:precise /Zc:wchar_t /Zc:forScope /Fo"Debug\\" /Fd"Debug\vc100.pdb" /Gd /TP /analyze- /errorReport:prompt Mesh.cpp
         Mesh.cpp
     1>f:\homework\chapter6\chapter6\mesh.cpp(51): warning C4715: “Mesh::readFile”: 不是所有的控件路径都返回值
       ManifestResourceCompile:
         所有输出均为最新。
       Link:
         D:\Program Files\Microsoft Visual Studio 10.0\VC\bin\link.exe /ERRORREPORT:PROMPT /OUT:"F:\homework\Chapter6\Debug\Chapter6.exe" /INCREMENTAL /NOLOGO kernel32.lib user32.lib gdi32.lib winspool.lib comdlg32.lib advapi32.lib shell32.lib ole32.lib oleaut32.lib uuid.lib odbc32.lib odbccp32.lib /MANIFEST /ManifestFile:"Debug\Chapter6.exe.intermediate.manifest" /MANIFESTUAC:"level='asInvoker' uiAccess='false'" /DEBUG /PDB:"F:\homework\Chapter6\Debug\Chapter6.pdb" /SUBSYSTEM:CONSOLE /TLBID:1 /DYNAMICBASE /NXCOMPAT /IMPLIB:"F:\homework\Chapter6\Debug\Chapter6.lib" /MACHINE:X86 Debug\Chapter6.exe.embed.manifest.res
         Debug\main.obj
         Debug\Mesh.obj
       Manifest:
         C:\Program Files\Microsoft SDKs\Windows\v7.0A\bin\mt.exe /nologo /verbose /out:"Debug\Chapter6.exe.embed.manifest" /manifest Debug\Chapter6.exe.intermediate.manifest
         所有输出均为最新。
       LinkEmbedManifest:
         所有输出均为最新。
         Chapter6.vcxproj -> F:\homework\Chapter6\Debug\Chapter6.exe
       FinalizeBuildStatus:
         正在删除文件“Debug\Chapter6.unsuccessfulbuild”。
         正在对“Debug\Chapter6.lastbuildstate”执行 Touch 任务。
     1>已完成生成项目“F:\homework\Chapter6\Chapter6\Chapter6.vcxproj”(build 个目标)的操作。

生成成功。

已用时间 00:00:04.29
