F:\GRAPHIC\CODE\CHAPTER2\DEBUG\MOUSEINTERACTION.EXE
F:\GRAPHIC\CODE\CHAPTER2\DEBUG\MOUSEINTERACTION.ILK
F:\GRAPHIC\CODE\CHAPTER2\DEBUG\MOUSEINTERACTION.PDB
F:\GRAPHIC\CODE\CHAPTER2\MOUSEINTERACTION\DEBUG\MAIN.OBJ
F:\GRAPHIC\CODE\CHAPTER2\MOUSEINTERACTION\DEBUG\MOUSEINTERACTION.EXE.EMBED.MANIFEST
F:\GRAPHIC\CODE\CHAPTER2\MOUSEINTERACTION\DEBUG\MOUSEINTERACTION.EXE.EMBED.MANIFEST.RES
F:\GRAPHIC\CODE\CHAPTER2\MOUSEINTERACTION\DEBUG\MOUSEINTERACTION.EXE.INTERMEDIATE.MANIFEST
F:\GRAPHIC\CODE\CHAPTER2\MOUSEINTERACTION\DEBUG\VC100.PDB
F:\HOMEWORK\CHAPTER2\DEBUG\MOUSEINTERACTION.EXE
F:\HOMEWORK\CHAPTER2\DEBUG\MOUSEINTERACTION.ILK
F:\HOMEWORK\CHAPTER2\DEBUG\MOUSEINTERACTION.PDB
F:\homework\Chapter2\mouseinteraction\Debug\cl.command.1.tlog
F:\homework\Chapter2\mouseinteraction\Debug\CL.read.1.tlog
F:\homework\Chapter2\mouseinteraction\Debug\CL.write.1.tlog
F:\homework\Chapter2\mouseinteraction\Debug\link.3420.read.1.tlog
F:\homework\Chapter2\mouseinteraction\Debug\link.3420.write.1.tlog
F:\homework\Chapter2\mouseinteraction\Debug\link.3420-cvtres.read.1.tlog
F:\homework\Chapter2\mouseinteraction\Debug\link.3420-cvtres.write.1.tlog
F:\homework\Chapter2\mouseinteraction\Debug\link.3472.read.1.tlog
F:\homework\Chapter2\mouseinteraction\Debug\link.3472.write.1.tlog
F:\homework\Chapter2\mouseinteraction\Debug\link.3472-cvtres.read.1.tlog
F:\homework\Chapter2\mouseinteraction\Debug\link.3472-cvtres.write.1.tlog
F:\homework\Chapter2\mouseinteraction\Debug\link.3744.read.1.tlog
F:\homework\Chapter2\mouseinteraction\Debug\link.3744.write.1.tlog
F:\homework\Chapter2\mouseinteraction\Debug\link.3744-cvtres.read.1.tlog
F:\homework\Chapter2\mouseinteraction\Debug\link.3744-cvtres.write.1.tlog
F:\homework\Chapter2\mouseinteraction\Debug\link.4332.read.1.tlog
F:\homework\Chapter2\mouseinteraction\Debug\link.4332.write.1.tlog
F:\homework\Chapter2\mouseinteraction\Debug\link.4332-cvtres.read.1.tlog
F:\homework\Chapter2\mouseinteraction\Debug\link.4332-cvtres.write.1.tlog
F:\homework\Chapter2\mouseinteraction\Debug\link.5572.read.1.tlog
F:\homework\Chapter2\mouseinteraction\Debug\link.5572.write.1.tlog
F:\homework\Chapter2\mouseinteraction\Debug\link.5572-cvtres.read.1.tlog
F:\homework\Chapter2\mouseinteraction\Debug\link.5572-cvtres.write.1.tlog
F:\homework\Chapter2\mouseinteraction\Debug\link.command.1.tlog
F:\homework\Chapter2\mouseinteraction\Debug\link.read.1.tlog
F:\homework\Chapter2\mouseinteraction\Debug\link.write.1.tlog
F:\homework\Chapter2\mouseinteraction\Debug\link-cvtres.read.1.tlog
F:\homework\Chapter2\mouseinteraction\Debug\link-cvtres.write.1.tlog
F:\HOMEWORK\CHAPTER2\MOUSEINTERACTION\DEBUG\MAIN.OBJ
F:\homework\Chapter2\mouseinteraction\Debug\mouseinteraction.exe.embed.manifest
F:\HOMEWORK\CHAPTER2\MOUSEINTERACTION\DEBUG\MOUSEINTERACTION.EXE.EMBED.MANIFEST.RES
F:\HOMEWORK\CHAPTER2\MOUSEINTERACTION\DEBUG\MOUSEINTERACTION.EXE.INTERMEDIATE.MANIFEST
F:\homework\Chapter2\mouseinteraction\Debug\mouseinteraction_manifest.rc
F:\homework\Chapter2\mouseinteraction\Debug\mt.command.1.tlog
F:\homework\Chapter2\mouseinteraction\Debug\mt.read.1.tlog
F:\homework\Chapter2\mouseinteraction\Debug\mt.write.1.tlog
F:\homework\Chapter2\mouseinteraction\Debug\rc.command.1.tlog
F:\homework\Chapter2\mouseinteraction\Debug\rc.read.1.tlog
F:\homework\Chapter2\mouseinteraction\Debug\rc.write.1.tlog
F:\homework\Chapter2\mouseinteraction\Debug\vc100.idb
F:\HOMEWORK\CHAPTER2\MOUSEINTERACTION\DEBUG\VC100.PDB
