F:\HOMEWORK\CHAPTER5\DEBUG\SDL.EXE
F:\HOMEWORK\CHAPTER5\DEBUG\SDL.ILK
F:\HOMEWORK\CHAPTER5\DEBUG\SDL.PDB
F:\homework\chapter5\SDL\Debug\cl.command.1.tlog
F:\homework\chapter5\SDL\Debug\CL.read.1.tlog
F:\homework\chapter5\SDL\Debug\CL.write.1.tlog
F:\homework\chapter5\SDL\Debug\link.2576.read.1.tlog
F:\homework\chapter5\SDL\Debug\link.2576.write.1.tlog
F:\homework\chapter5\SDL\Debug\link.2576-cvtres.read.1.tlog
F:\homework\chapter5\SDL\Debug\link.2576-cvtres.write.1.tlog
F:\homework\chapter5\SDL\Debug\link.3444.read.1.tlog
F:\homework\chapter5\SDL\Debug\link.3444.write.1.tlog
F:\homework\chapter5\SDL\Debug\link.3444-cvtres.read.1.tlog
F:\homework\chapter5\SDL\Debug\link.3444-cvtres.write.1.tlog
F:\homework\chapter5\SDL\Debug\link.4268.read.1.tlog
F:\homework\chapter5\SDL\Debug\link.4268.write.1.tlog
F:\homework\chapter5\SDL\Debug\link.4268-cvtres.read.1.tlog
F:\homework\chapter5\SDL\Debug\link.4268-cvtres.write.1.tlog
F:\homework\chapter5\SDL\Debug\link.5016.read.1.tlog
F:\homework\chapter5\SDL\Debug\link.5016.write.1.tlog
F:\homework\chapter5\SDL\Debug\link.5016-cvtres.read.1.tlog
F:\homework\chapter5\SDL\Debug\link.5016-cvtres.write.1.tlog
F:\homework\chapter5\SDL\Debug\link.5272.read.1.tlog
F:\homework\chapter5\SDL\Debug\link.5272.write.1.tlog
F:\homework\chapter5\SDL\Debug\link.5272-cvtres.read.1.tlog
F:\homework\chapter5\SDL\Debug\link.5272-cvtres.write.1.tlog
F:\homework\chapter5\SDL\Debug\link.5420.read.1.tlog
F:\homework\chapter5\SDL\Debug\link.5420.write.1.tlog
F:\homework\chapter5\SDL\Debug\link.5420-cvtres.read.1.tlog
F:\homework\chapter5\SDL\Debug\link.5420-cvtres.write.1.tlog
F:\homework\chapter5\SDL\Debug\link.5920.read.1.tlog
F:\homework\chapter5\SDL\Debug\link.5920.write.1.tlog
F:\homework\chapter5\SDL\Debug\link.5920-cvtres.read.1.tlog
F:\homework\chapter5\SDL\Debug\link.5920-cvtres.write.1.tlog
F:\homework\chapter5\SDL\Debug\link.command.1.tlog
F:\homework\chapter5\SDL\Debug\link.read.1.tlog
F:\homework\chapter5\SDL\Debug\link.write.1.tlog
F:\homework\chapter5\SDL\Debug\link-cvtres.read.1.tlog
F:\homework\chapter5\SDL\Debug\link-cvtres.write.1.tlog
F:\HOMEWORK\CHAPTER5\SDL\DEBUG\MAIN.OBJ
F:\homework\chapter5\SDL\Debug\mt.command.1.tlog
F:\homework\chapter5\SDL\Debug\mt.read.1.tlog
F:\homework\chapter5\SDL\Debug\mt.write.1.tlog
F:\homework\chapter5\SDL\Debug\rc.command.1.tlog
F:\homework\chapter5\SDL\Debug\rc.read.1.tlog
F:\homework\chapter5\SDL\Debug\rc.write.1.tlog
F:\HOMEWORK\CHAPTER5\SDL\DEBUG\RGBPIXMAP.OBJ
F:\HOMEWORK\CHAPTER5\SDL\DEBUG\SDL.EXE.EMBED.MANIFEST
F:\HOMEWORK\CHAPTER5\SDL\DEBUG\SDL.EXE.EMBED.MANIFEST.RES
F:\HOMEWORK\CHAPTER5\SDL\DEBUG\SDL.EXE.INTERMEDIATE.MANIFEST
F:\HOMEWORK\CHAPTER5\SDL\DEBUG\SDL_ARCH.OBJ
F:\homework\chapter5\SDL\Debug\SDL_manifest.rc
F:\homework\chapter5\SDL\Debug\vc100.idb
F:\HOMEWORK\CHAPTER5\SDL\DEBUG\VC100.PDB
