F:\GRAPHIC\CODE\CHAPTER2\CURVE\DEBUG\CURVE.EXE.EMBED.MANIFEST
F:\GRAPHIC\CODE\CHAPTER2\CURVE\DEBUG\CURVE.EXE.EMBED.MANIFEST.RES
F:\GRAPHIC\CODE\CHAPTER2\CURVE\DEBUG\CURVE.EXE.INTERMEDIATE.MANIFEST
F:\GRAPHIC\CODE\CHAPTER2\CURVE\DEBUG\MAIN.OBJ
F:\GRAPHIC\CODE\CHAPTER2\CURVE\DEBUG\VC100.PDB
F:\GRAPHIC\CODE\CHAPTER2\DEBUG\CURVE.EXE
F:\GRAPHIC\CODE\CHAPTER2\DEBUG\CURVE.ILK
F:\GRAPHIC\CODE\CHAPTER2\DEBUG\CURVE.PDB
F:\homework\Chapter2\curve\Debug\cl.command.1.tlog
F:\homework\Chapter2\curve\Debug\CL.read.1.tlog
F:\homework\Chapter2\curve\Debug\CL.write.1.tlog
F:\homework\Chapter2\curve\Debug\curve.exe.embed.manifest
F:\homework\Chapter2\curve\Debug\curve.exe.embed.manifest.res
F:\homework\Chapter2\curve\Debug\curve.exe.intermediate.manifest
F:\homework\Chapter2\curve\Debug\curve_manifest.rc
F:\homework\Chapter2\curve\Debug\link.2756.read.1.tlog
F:\homework\Chapter2\curve\Debug\link.2756.write.1.tlog
F:\homework\Chapter2\curve\Debug\link.2756-cvtres.read.1.tlog
F:\homework\Chapter2\curve\Debug\link.2756-cvtres.write.1.tlog
F:\homework\Chapter2\curve\Debug\link.command.1.tlog
F:\homework\Chapter2\curve\Debug\link.read.1.tlog
F:\homework\Chapter2\curve\Debug\link.write.1.tlog
F:\homework\Chapter2\curve\Debug\link-cvtres.read.1.tlog
F:\homework\Chapter2\curve\Debug\link-cvtres.write.1.tlog
F:\homework\Chapter2\curve\Debug\main.obj
F:\homework\Chapter2\curve\Debug\mt.command.1.tlog
F:\homework\Chapter2\curve\Debug\mt.read.1.tlog
F:\homework\Chapter2\curve\Debug\mt.write.1.tlog
F:\homework\Chapter2\curve\Debug\rc.command.1.tlog
F:\homework\Chapter2\curve\Debug\rc.read.1.tlog
F:\homework\Chapter2\curve\Debug\rc.write.1.tlog
F:\homework\Chapter2\curve\Debug\vc100.idb
F:\homework\Chapter2\curve\Debug\vc100.pdb
F:\homework\Chapter2\Debug\curve.exe
F:\homework\Chapter2\Debug\curve.ilk
F:\homework\Chapter2\Debug\curve.pdb
