Build started 7/5/2013 9:25:36 AM.
     1>Project "F:\homework\Chapter2\curve\curve.vcxproj" on node 2 (rebuild target(s)).
     1>_PrepareForClean:
         Deleting file "Debug\curve.lastbuildstate".
       InitializeBuildStatus:
         Creating "Debug\curve.unsuccessfulbuild" because "AlwaysCreate" was specified.
       ClCompile:
         C:\Program Files\Microsoft Visual Studio 10.0\VC\bin\CL.exe /c /ZI /nologo /W3 /WX- /Od /Oy- /D WIN32 /D _DEBUG /D _CONSOLE /D _UNICODE /D UNICODE /Gm /EHsc /RTC1 /MDd /GS /fp:precise /Zc:wchar_t /Zc:forScope /Fo"Debug\\" /Fd"Debug\vc100.pdb" /Gd /TP /analyze- /errorReport:prompt main.cpp
         main.cpp
       ManifestResourceCompile:
         C:\Program Files\Microsoft SDKs\Windows\v7.0A\bin\rc.exe /nologo /fo"Debug\curve.exe.embed.manifest.res" Debug\curve_manifest.rc 
       Link:
         C:\Program Files\Microsoft Visual Studio 10.0\VC\bin\link.exe /ERRORREPORT:PROMPT /OUT:"F:\homework\Chapter2\Debug\curve.exe" /INCREMENTAL /NOLOGO kernel32.lib user32.lib gdi32.lib winspool.lib comdlg32.lib advapi32.lib shell32.lib ole32.lib oleaut32.lib uuid.lib odbc32.lib odbccp32.lib /MANIFEST /ManifestFile:"Debug\curve.exe.intermediate.manifest" /MANIFESTUAC:"level='asInvoker' uiAccess='false'" /DEBUG /PDB:"F:\homework\Chapter2\Debug\curve.pdb" /SUBSYSTEM:CONSOLE /TLBID:1 /DYNAMICBASE /NXCOMPAT /IMPLIB:"F:\homework\Chapter2\Debug\curve.lib" /MACHINE:X86 Debug\curve.exe.embed.manifest.res
         Debug\main.obj
       Manifest:
         Deleting file "Debug\curve.exe.embed.manifest".
         C:\Program Files\Microsoft SDKs\Windows\v7.0A\bin\mt.exe /nologo /verbose /out:"Debug\curve.exe.embed.manifest" /manifest Debug\curve.exe.intermediate.manifest
         C:\Program Files\Microsoft SDKs\Windows\v7.0A\bin\rc.exe /nologo /fo"Debug\curve.exe.embed.manifest.res" Debug\curve_manifest.rc 
       LinkEmbedManifest:
         C:\Program Files\Microsoft Visual Studio 10.0\VC\bin\link.exe /ERRORREPORT:PROMPT /OUT:"F:\homework\Chapter2\Debug\curve.exe" /INCREMENTAL /NOLOGO kernel32.lib user32.lib gdi32.lib winspool.lib comdlg32.lib advapi32.lib shell32.lib ole32.lib oleaut32.lib uuid.lib odbc32.lib odbccp32.lib /MANIFEST /ManifestFile:"Debug\curve.exe.intermediate.manifest" /MANIFESTUAC:"level='asInvoker' uiAccess='false'" /DEBUG /PDB:"F:\homework\Chapter2\Debug\curve.pdb" /SUBSYSTEM:CONSOLE /TLBID:1 /DYNAMICBASE /NXCOMPAT /IMPLIB:"F:\homework\Chapter2\Debug\curve.lib" /MACHINE:X86 Debug\curve.exe.embed.manifest.res
         Debug\main.obj
         curve.vcxproj -> F:\homework\Chapter2\Debug\curve.exe
       FinalizeBuildStatus:
         Deleting file "Debug\curve.unsuccessfulbuild".
         Touching "Debug\curve.lastbuildstate".
     1>Done Building Project "F:\homework\Chapter2\curve\curve.vcxproj" (rebuild target(s)).

Build succeeded.

Time Elapsed 00:00:04.78
