F:\HOMEWORK\CHAPTER3\DEBUG\SINC.EXE
F:\HOMEWORK\CHAPTER3\DEBUG\SINC.ILK
F:\HOMEWORK\CHAPTER3\DEBUG\SINC.PDB
F:\homework\chapter3\sinc\Debug\cl.command.1.tlog
F:\homework\chapter3\sinc\Debug\CL.read.1.tlog
F:\homework\chapter3\sinc\Debug\CL.write.1.tlog
F:\homework\chapter3\sinc\Debug\link.1544.read.1.tlog
F:\homework\chapter3\sinc\Debug\link.1544.write.1.tlog
F:\homework\chapter3\sinc\Debug\link.1544-cvtres.read.1.tlog
F:\homework\chapter3\sinc\Debug\link.1544-cvtres.write.1.tlog
F:\homework\chapter3\sinc\Debug\link.3468.read.1.tlog
F:\homework\chapter3\sinc\Debug\link.3468.write.1.tlog
F:\homework\chapter3\sinc\Debug\link.3468-cvtres.read.1.tlog
F:\homework\chapter3\sinc\Debug\link.3468-cvtres.write.1.tlog
F:\homework\chapter3\sinc\Debug\link.4272.read.1.tlog
F:\homework\chapter3\sinc\Debug\link.4272.write.1.tlog
F:\homework\chapter3\sinc\Debug\link.4272-cvtres.read.1.tlog
F:\homework\chapter3\sinc\Debug\link.4272-cvtres.write.1.tlog
F:\homework\chapter3\sinc\Debug\link.5868.read.1.tlog
F:\homework\chapter3\sinc\Debug\link.5868.write.1.tlog
F:\homework\chapter3\sinc\Debug\link.5868-cvtres.read.1.tlog
F:\homework\chapter3\sinc\Debug\link.5868-cvtres.write.1.tlog
F:\homework\chapter3\sinc\Debug\link.command.1.tlog
F:\homework\chapter3\sinc\Debug\link.read.1.tlog
F:\homework\chapter3\sinc\Debug\link.write.1.tlog
F:\homework\chapter3\sinc\Debug\link-cvtres.read.1.tlog
F:\homework\chapter3\sinc\Debug\link-cvtres.write.1.tlog
F:\HOMEWORK\CHAPTER3\SINC\DEBUG\MAIN.OBJ
F:\homework\chapter3\sinc\Debug\mt.command.1.tlog
F:\homework\chapter3\sinc\Debug\mt.read.1.tlog
F:\homework\chapter3\sinc\Debug\mt.write.1.tlog
F:\homework\chapter3\sinc\Debug\rc.command.1.tlog
F:\homework\chapter3\sinc\Debug\rc.read.1.tlog
F:\homework\chapter3\sinc\Debug\rc.write.1.tlog
F:\HOMEWORK\CHAPTER3\SINC\DEBUG\SINC.EXE.EMBED.MANIFEST
F:\HOMEWORK\CHAPTER3\SINC\DEBUG\SINC.EXE.EMBED.MANIFEST.RES
F:\HOMEWORK\CHAPTER3\SINC\DEBUG\SINC.EXE.INTERMEDIATE.MANIFEST
F:\homework\chapter3\sinc\Debug\sinc_manifest.rc
F:\homework\chapter3\sinc\Debug\vc100.idb
F:\HOMEWORK\CHAPTER3\SINC\DEBUG\VC100.PDB
