F:\GRAPHIC\CODE\CHAPTER2\DEBUG\PSEUDO-RANDOM_POINT_CLOUD.EXE
F:\GRAPHIC\CODE\CHAPTER2\DEBUG\PSEUDO-RANDOM_POINT_CLOUD.ILK
F:\GRAPHIC\CODE\CHAPTER2\DEBUG\PSEUDO-RANDOM_POINT_CLOUD.PDB
F:\graphic\code\Chapter2\Pseudo-random_point_cloud\Debug\cl.command.1.tlog
F:\graphic\code\Chapter2\Pseudo-random_point_cloud\Debug\CL.read.1.tlog
F:\graphic\code\Chapter2\Pseudo-random_point_cloud\Debug\CL.write.1.tlog
F:\graphic\code\Chapter2\Pseudo-random_point_cloud\Debug\link.3492.read.1.tlog
F:\graphic\code\Chapter2\Pseudo-random_point_cloud\Debug\link.3492.write.1.tlog
F:\graphic\code\Chapter2\Pseudo-random_point_cloud\Debug\link.3492-cvtres.read.1.tlog
F:\graphic\code\Chapter2\Pseudo-random_point_cloud\Debug\link.3492-cvtres.write.1.tlog
F:\graphic\code\Chapter2\Pseudo-random_point_cloud\Debug\link.command.1.tlog
F:\graphic\code\Chapter2\Pseudo-random_point_cloud\Debug\link.read.1.tlog
F:\graphic\code\Chapter2\Pseudo-random_point_cloud\Debug\link.write.1.tlog
F:\graphic\code\Chapter2\Pseudo-random_point_cloud\Debug\link-cvtres.read.1.tlog
F:\graphic\code\Chapter2\Pseudo-random_point_cloud\Debug\link-cvtres.write.1.tlog
F:\GRAPHIC\CODE\CHAPTER2\PSEUDO-RANDOM_POINT_CLOUD\DEBUG\MAIN.OBJ
F:\graphic\code\Chapter2\Pseudo-random_point_cloud\Debug\mt.command.1.tlog
F:\graphic\code\Chapter2\Pseudo-random_point_cloud\Debug\mt.read.1.tlog
F:\graphic\code\Chapter2\Pseudo-random_point_cloud\Debug\mt.write.1.tlog
F:\GRAPHIC\CODE\CHAPTER2\PSEUDO-RANDOM_POINT_CLOUD\DEBUG\PSEUDO-RANDOM_POINT_CLOUD.EXE.EMBED.MANIFEST
F:\GRAPHIC\CODE\CHAPTER2\PSEUDO-RANDOM_POINT_CLOUD\DEBUG\PSEUDO-RANDOM_POINT_CLOUD.EXE.EMBED.MANIFEST.RES
F:\GRAPHIC\CODE\CHAPTER2\PSEUDO-RANDOM_POINT_CLOUD\DEBUG\PSEUDO-RANDOM_POINT_CLOUD.EXE.INTERMEDIATE.MANIFEST
F:\graphic\code\Chapter2\Pseudo-random_point_cloud\Debug\Pseudo-random_point_cloud_manifest.rc
F:\graphic\code\Chapter2\Pseudo-random_point_cloud\Debug\rc.command.1.tlog
F:\graphic\code\Chapter2\Pseudo-random_point_cloud\Debug\rc.read.1.tlog
F:\graphic\code\Chapter2\Pseudo-random_point_cloud\Debug\rc.write.1.tlog
F:\graphic\code\Chapter2\Pseudo-random_point_cloud\Debug\vc100.idb
F:\GRAPHIC\CODE\CHAPTER2\PSEUDO-RANDOM_POINT_CLOUD\DEBUG\VC100.PDB
